<?xml version="1.0" encoding="UTF-8"?>
<!-- Generated by org.testng.reporters.JUnitReportReporter -->
<testsuite hostname="DESKTOP-55RI62C" failures="0" tests="2" name="com.TestSuite.ok" time="0.030" errors="0" timestamp="2023-12-13T12:22:30 IST" skipped="0">
  <testcase classname="com.TestSuite.ok" name="test2" time="0.006"/>
  <testcase classname="com.TestSuite.ok" name="test1" time="0.024"/>
</testsuite> <!-- com.TestSuite.ok -->
