<?xml version="1.0" encoding="UTF-8"?>
<!-- Generated by org.testng.reporters.JUnitReportReporter -->
<testsuite hostname="DESKTOP-55RI62C" failures="0" tests="9" name="com.TestSuite.ok" time="0.070" errors="0" timestamp="2023-12-21T11:35:42 IST" skipped="0">
  <testcase classname="com.TestSuite.ok" name="method1" time="0.007"/>
  <testcase classname="com.TestSuite.ok" name="test3" time="0.006"/>
  <testcase classname="com.TestSuite.ok" name="method" time="0.021"/>
  <testcase classname="com.TestSuite.ok" name="test2" time="0.006"/>
  <testcase classname="com.TestSuite.ok" name="test4" time="0.005"/>
  <testcase classname="com.TestSuite.ok" name="test5" time="0.007"/>
  <testcase classname="com.TestSuite.ok" name="test1" time="0.006"/>
  <testcase classname="com.TestSuite.ok" name="test6" time="0.005"/>
  <testcase classname="com.TestSuite.ok" name="method2" time="0.007"/>
</testsuite> <!-- com.TestSuite.ok -->
