<?xml version="1.0" encoding="UTF-8"?>
<!-- Generated by org.testng.reporters.JUnitReportReporter -->
<testsuite hostname="DESKTOP-55RI62C" failures="0" tests="2" name="com.TestSuite.TestCases" time="48.340" errors="0" timestamp="2023-12-11T14:27:04 IST" skipped="0">
  <testcase classname="com.TestSuite.TestCases" name="AddText" time="28.994"/>
  <testcase classname="com.TestSuite.TestCases" name="login" time="19.346"/>
</testsuite> <!-- com.TestSuite.TestCases -->
