<?xml version="1.0" encoding="UTF-8"?>
<!-- Generated by org.testng.reporters.JUnitReportReporter -->
<testsuite hostname="DESKTOP-55RI62C" failures="0" tests="1" name="com.TestSuite.NewTest" time="8.801" errors="0" timestamp="2024-01-16T18:29:13 IST" skipped="0">
  <testcase classname="com.TestSuite.NewTest" name="f" time="8.801"/>
</testsuite> <!-- com.TestSuite.NewTest -->
